  student.cpp
  rasterizer.cpp
c:\users\matej\virtualbox vms\desktop\škola\2. semester\izg\cvika\izg_lab_02\io.h(48): warning C4190: 'loadPolygonalCube' has C-linkage specified, but returns UDT 'Model' which is incompatible with C
  c:\users\matej\virtualbox vms\desktop\škola\2. semester\izg\cvika\izg_lab_02\rasterizer.h(205): note: see declaration of 'Model'
c:\users\matej\virtualbox vms\desktop\škola\2. semester\izg\cvika\izg_lab_02\io.h(51): warning C4190: 'loadPolygonalCuboctahedron' has C-linkage specified, but returns UDT 'Model' which is incompatible with C
  c:\users\matej\virtualbox vms\desktop\škola\2. semester\izg\cvika\izg_lab_02\rasterizer.h(205): note: see declaration of 'Model'
c:\users\matej\virtualbox vms\desktop\škola\2. semester\izg\cvika\izg_lab_02\io.h(54): warning C4190: 'loadPolygonalModel' has C-linkage specified, but returns UDT 'Model' which is incompatible with C
  c:\users\matej\virtualbox vms\desktop\škola\2. semester\izg\cvika\izg_lab_02\rasterizer.h(205): note: see declaration of 'Model'
  main.cpp
c:\users\matej\virtualbox vms\desktop\škola\2. semester\izg\cvika\izg_lab_02\io.h(48): warning C4190: 'loadPolygonalCube' has C-linkage specified, but returns UDT 'Model' which is incompatible with C
  c:\users\matej\virtualbox vms\desktop\škola\2. semester\izg\cvika\izg_lab_02\rasterizer.h(205): note: see declaration of 'Model'
c:\users\matej\virtualbox vms\desktop\škola\2. semester\izg\cvika\izg_lab_02\io.h(51): warning C4190: 'loadPolygonalCuboctahedron' has C-linkage specified, but returns UDT 'Model' which is incompatible with C
  c:\users\matej\virtualbox vms\desktop\škola\2. semester\izg\cvika\izg_lab_02\rasterizer.h(205): note: see declaration of 'Model'
c:\users\matej\virtualbox vms\desktop\škola\2. semester\izg\cvika\izg_lab_02\io.h(54): warning C4190: 'loadPolygonalModel' has C-linkage specified, but returns UDT 'Model' which is incompatible with C
  c:\users\matej\virtualbox vms\desktop\škola\2. semester\izg\cvika\izg_lab_02\rasterizer.h(205): note: see declaration of 'Model'
  io.cpp
c:\users\matej\virtualbox vms\desktop\škola\2. semester\izg\cvika\izg_lab_02\io.h(48): warning C4190: 'loadPolygonalCube' has C-linkage specified, but returns UDT 'Model' which is incompatible with C
  c:\users\matej\virtualbox vms\desktop\škola\2. semester\izg\cvika\izg_lab_02\rasterizer.h(205): note: see declaration of 'Model'
c:\users\matej\virtualbox vms\desktop\škola\2. semester\izg\cvika\izg_lab_02\io.h(51): warning C4190: 'loadPolygonalCuboctahedron' has C-linkage specified, but returns UDT 'Model' which is incompatible with C
  c:\users\matej\virtualbox vms\desktop\škola\2. semester\izg\cvika\izg_lab_02\rasterizer.h(205): note: see declaration of 'Model'
c:\users\matej\virtualbox vms\desktop\škola\2. semester\izg\cvika\izg_lab_02\io.h(54): warning C4190: 'loadPolygonalModel' has C-linkage specified, but returns UDT 'Model' which is incompatible with C
  c:\users\matej\virtualbox vms\desktop\škola\2. semester\izg\cvika\izg_lab_02\rasterizer.h(205): note: see declaration of 'Model'
c:\users\matej\virtualbox vms\desktop\škola\2. semester\izg\cvika\izg_lab_02\io.cpp(212): warning C4244: 'argument': conversion from 'float' to 'int', possible loss of data
c:\users\matej\virtualbox vms\desktop\škola\2. semester\izg\cvika\izg_lab_02\io.cpp(212): warning C4244: 'argument': conversion from 'const float' to 'int', possible loss of data
c:\users\matej\virtualbox vms\desktop\škola\2. semester\izg\cvika\izg_lab_02\io.cpp(215): warning C4244: 'argument': conversion from 'const float' to 'int', possible loss of data
c:\users\matej\virtualbox vms\desktop\škola\2. semester\izg\cvika\izg_lab_02\io.cpp(216): warning C4244: 'argument': conversion from 'const float' to 'int', possible loss of data
  color.cpp
  Generating Code...
  izg_lab_02.vcxproj -> C:\Users\matej\VirtualBox VMs\Desktop\Škola\2. semester\IZG\Cvika\izg_lab_02\Debug\izg_lab_02.exe
  izg_lab_02.vcxproj -> C:\Users\matej\VirtualBox VMs\Desktop\Škola\2. semester\IZG\Cvika\izg_lab_02\Debug\izg_lab_02.pdb (Full PDB)
  C:\Users\matej\VirtualBox VMs\Desktop\Škola\2. semester\IZG\Cvika\izg_lab_02\\SDL-1.2.15\lib\x86\SDL.dll
  1 File(s) copied
